2022-06-21 14:57:59.721  INFO 63028 --- [restartedMain] IminhwApiApplication           : Starting IminhwApiApplication using Java 1.8.0_181 on MZdeMacBook-Pro.local with PID 63028 (/Users/mz/IdeaProjects/iminhw-zsb/iminhw-api/target/classes started by mz in /Users/mz/IdeaProjects/iminhw-zsb)
2022-06-21 14:57:59.727  INFO 63028 --- [restartedMain] IminhwApiApplication           : No active profile set, falling back to 1 default profile: "default"
2022-06-21 14:57:59.826  INFO 63028 --- [restartedMain] .e.DevToolsPropertyDefaultsPostProcessor : Devtools property defaults active! Set 'spring.devtools.add-properties' to 'false' to disable
2022-06-21 14:57:59.827  INFO 63028 --- [restartedMain] .e.DevToolsPropertyDefaultsPostProcessor : For additional web related logging consider setting the 'logging.level.web' property to 'DEBUG'
2022-06-21 14:58:00.701  WARN 63028 --- [restartedMain] o.m.s.mapper.ClassPathMapperScanner      : No MyBatis mapper was found in '[com.**.mapper]' package. Please check your configuration.
2022-06-21 14:58:01.146  INFO 63028 --- [restartedMain] o.s.b.w.embedded.tomcat.TomcatWebServer  : Tomcat initialized with port(s): 8080 (http)
2022-06-21 14:58:01.155  INFO 63028 --- [restartedMain] o.apache.catalina.core.StandardService   : Starting service [Tomcat]
2022-06-21 14:58:01.155  INFO 63028 --- [restartedMain] org.apache.catalina.core.StandardEngine  : Starting Servlet engine: [Apache Tomcat/9.0.63]
2022-06-21 14:58:01.204  INFO 63028 --- [restartedMain] o.a.c.c.C.[Tomcat].[localhost].[/]       : Initializing Spring embedded WebApplicationContext
2022-06-21 14:58:01.204  INFO 63028 --- [restartedMain] w.s.c.ServletWebServerApplicationContext : Root WebApplicationContext: initialization completed in 1377 ms
2022-06-21 14:58:01.529  INFO 63028 --- [restartedMain] c.a.d.s.b.a.DruidDataSourceAutoConfigure : Init DruidDataSource
2022-06-21 14:58:01.593  WARN 63028 --- [restartedMain] ConfigServletWebServerApplicationContext : Exception encountered during context initialization - cancelling refresh attempt: org.springframework.boot.context.properties.ConfigurationPropertiesBindException: Error creating bean with name 'dataSource': Could not bind properties to 'DataSource' : prefix=spring.datasource.druid, ignoreInvalidFields=false, ignoreUnknownFields=true; nested exception is org.springframework.boot.context.properties.bind.BindException: Failed to bind properties under 'spring.datasource.druid' to javax.sql.DataSource
2022-06-21 14:58:01.595  INFO 63028 --- [restartedMain] o.apache.catalina.core.StandardService   : Stopping service [Tomcat]
2022-06-21 14:58:01.612  INFO 63028 --- [restartedMain] ConditionEvaluationReportLoggingListener : 

Error starting ApplicationContext. To display the conditions report re-run your application with 'debug' enabled.
2022-06-21 14:58:01.632 ERROR 63028 --- [restartedMain] o.s.b.d.LoggingFailureAnalysisReporter   : 

***************************
APPLICATION FAILED TO START
***************************

Description:

Failed to bind properties under 'spring.datasource.druid' to javax.sql.DataSource:

    Property: spring.datasource.druid.filters
    Value: stat,wall,log4j
    Origin: class path resource [application.yml] - 59:16
    Reason: java.lang.ClassNotFoundException: org.apache.log4j.Logger

Action:

Update your application's configuration

2022-06-21 14:59:26.990  INFO 63613 --- [restartedMain] IminhwApiApplication           : Starting IminhwApiApplication using Java 1.8.0_181 on MZdeMacBook-Pro.local with PID 63613 (/Users/mz/IdeaProjects/iminhw-zsb/iminhw-api/target/classes started by mz in /Users/mz/IdeaProjects/iminhw-zsb)
2022-06-21 14:59:26.992  INFO 63613 --- [restartedMain] IminhwApiApplication           : No active profile set, falling back to 1 default profile: "default"
2022-06-21 14:59:27.033  INFO 63613 --- [restartedMain] .e.DevToolsPropertyDefaultsPostProcessor : Devtools property defaults active! Set 'spring.devtools.add-properties' to 'false' to disable
2022-06-21 14:59:27.033  INFO 63613 --- [restartedMain] .e.DevToolsPropertyDefaultsPostProcessor : For additional web related logging consider setting the 'logging.level.web' property to 'DEBUG'
2022-06-21 14:59:27.737  WARN 63613 --- [restartedMain] o.m.s.mapper.ClassPathMapperScanner      : No MyBatis mapper was found in '[com.**.mapper]' package. Please check your configuration.
2022-06-21 14:59:28.192  INFO 63613 --- [restartedMain] o.s.b.w.embedded.tomcat.TomcatWebServer  : Tomcat initialized with port(s): 8080 (http)
2022-06-21 14:59:28.201  INFO 63613 --- [restartedMain] o.apache.catalina.core.StandardService   : Starting service [Tomcat]
2022-06-21 14:59:28.201  INFO 63613 --- [restartedMain] org.apache.catalina.core.StandardEngine  : Starting Servlet engine: [Apache Tomcat/9.0.63]
2022-06-21 14:59:28.261  INFO 63613 --- [restartedMain] o.a.c.c.C.[Tomcat].[localhost].[/]       : Initializing Spring embedded WebApplicationContext
2022-06-21 14:59:28.261  INFO 63613 --- [restartedMain] w.s.c.ServletWebServerApplicationContext : Root WebApplicationContext: initialization completed in 1227 ms
2022-06-21 14:59:28.614  INFO 63613 --- [restartedMain] c.a.d.s.b.a.DruidDataSourceAutoConfigure : Init DruidDataSource
2022-06-21 14:59:28.676  WARN 63613 --- [restartedMain] ConfigServletWebServerApplicationContext : Exception encountered during context initialization - cancelling refresh attempt: org.springframework.boot.context.properties.ConfigurationPropertiesBindException: Error creating bean with name 'dataSource': Could not bind properties to 'DataSource' : prefix=spring.datasource.druid, ignoreInvalidFields=false, ignoreUnknownFields=true; nested exception is org.springframework.boot.context.properties.bind.BindException: Failed to bind properties under 'spring.datasource.druid' to javax.sql.DataSource
2022-06-21 14:59:28.678  INFO 63613 --- [restartedMain] o.apache.catalina.core.StandardService   : Stopping service [Tomcat]
2022-06-21 14:59:28.701  INFO 63613 --- [restartedMain] ConditionEvaluationReportLoggingListener : 

Error starting ApplicationContext. To display the conditions report re-run your application with 'debug' enabled.
2022-06-21 14:59:28.723 ERROR 63613 --- [restartedMain] o.s.b.d.LoggingFailureAnalysisReporter   : 

***************************
APPLICATION FAILED TO START
***************************

Description:

Failed to bind properties under 'spring.datasource.druid' to javax.sql.DataSource:

    Property: spring.datasource.druid.filters
    Value: stat,wall,log4j
    Origin: class path resource [application.yml] - 59:16
    Reason: java.lang.ClassNotFoundException: org.apache.log4j.Logger

Action:

Update your application's configuration

